Arguments: 
  /Users/louis/.nvm/versions/node/v15.11.0/bin/node /usr/local/Cellar/yarn/1.22.10/libexec/bin/yarn.js add isEmpty

PATH: 
  /Users/louis/.amplify/bin:/usr/local/opt/icu4c/sbin:/usr/local/opt/icu4c/bin:/Users/louis/.nvm/versions/node/v15.11.0/bin:/usr/local/bin:/usr/bin:/bin:/usr/sbin:/sbin:/usr/local/MacGPG2/bin:/Users/louis/.amplify/bin:/usr/local/opt/icu4c/sbin:/usr/local/opt/icu4c/bin:/Users/louis/.nvm/versions/node/v15.11.0/bin

Yarn version: 
  1.22.10

Node version: 
  15.11.0

Platform: 
  darwin x64

Trace: 
  Error: https://registry.yarnpkg.com/isEmpty: Not found
      at Request.params.callback [as _callback] (/usr/local/Cellar/yarn/1.22.10/libexec/lib/cli.js:66988:18)
      at Request.self.callback (/usr/local/Cellar/yarn/1.22.10/libexec/lib/cli.js:140749:22)
      at Request.emit (node:events:378:20)
      at Request.<anonymous> (/usr/local/Cellar/yarn/1.22.10/libexec/lib/cli.js:141721:10)
      at Request.emit (node:events:378:20)
      at IncomingMessage.<anonymous> (/usr/local/Cellar/yarn/1.22.10/libexec/lib/cli.js:141643:12)
      at Object.onceWrapper (node:events:484:28)
      at IncomingMessage.emit (node:events:390:22)
      at endReadableNT (node:internal/streams/readable:1307:12)
      at processTicksAndRejections (node:internal/process/task_queues:81:21)

npm manifest: 
  {
    "name": "use-form",
    "version": "1.0.0",
    "description": "No-nonsense React hook for form validation",
    "main": "index.js",
    "repository": "https://github.com/no-nonsense-dev/use-form.git",
    "author": "louis-md <louis@margot-duclot.fr>",
    "license": "MIT"
  }

yarn manifest: 
  No manifest

Lockfile: 
  No lockfile
